# JRE version: OpenJDK Runtime Environment Temurin-21.0.11+10 (21.0.11+10) (build 21.0.11+10-LTS)
# Java VM: OpenJDK 64-Bit Server VM Temurin-21.0.11+10 (21.0.11+10-LTS, mixed mode, sharing, tiered, compressed oops, compressed class ptrs, parallel gc, windows-amd64)
GC Precious Log:
 CardTable entry size: 512
 CPUs: 8 total, 8 available
 Memory: 8107M
 Large Page Support: Disabled
 NUMA Support: Disabled
 Compressed Oops: Enabled (32-bit)
 Alignments: Space 512K, Generation 512K, Heap 2M
 Heap Min Capacity: 100M
 Heap Initial Capacity: 100M
 Heap Max Capacity: 2G
 Pre-touch: Disabled
 Parallel Workers: 8
Heap:
 PSYoungGen      total 2048K, used 843K [0x00000000d5580000, 0x00000000d5880000, 0x0000000100000000)
  eden space 1536K, 38% used [0x00000000d5580000,0x00000000d5612f18,0x00000000d5700000)
  from space 512K, 50% used [0x00000000d5800000,0x00000000d5840000,0x00000000d5880000)
  to   space 512K, 0% used [0x00000000d5780000,0x00000000d5780000,0x00000000d5800000)
 ParOldGen       total 375808K, used 328112K [0x0000000080000000, 0x0000000096f00000, 0x00000000d5580000)
  object space 375808K, 87% used [0x0000000080000000,0x000000009406c370,0x0000000096f00000)
 Metaspace       used 82152K, committed 83968K, reserved 1179648K
  class space    used 8553K, committed 9408K, reserved 1048576K
GC Heap History (20 events):
Event: 3257.326 GC heap before
{Heap before GC invocations=1041 (full 4):
 PSYoungGen      total 2048K, used 1820K [0x00000000d5580000, 0x00000000d5880000, 0x0000000100000000)
  eden space 1536K, 89% used [0x00000000d5580000,0x00000000d56d5f70,0x00000000d5700000)
  from space 512K, 88% used [0x00000000d5800000,0x00000000d58712c8,0x00000000d5880000)
  to   space 512K, 0% used [0x00000000d5780000,0x00000000d5780000,0x00000000d5800000)
 ParOldGen       total 375808K, used 310137K [0x0000000080000000, 0x0000000096f00000, 0x00000000d5580000)
  object space 375808K, 82% used [0x0000000080000000,0x0000000092ede6a0,0x0000000096f00000)
 Metaspace       used 82035K, committed 83968K, reserved 1179648K
  class space    used 8543K, committed 9408K, reserved 1048576K
}
Event: 3257.331 GC heap after
{Heap after GC invocations=1041 (full 4):
 PSYoungGen      total 2048K, used 192K [0x00000000d5580000, 0x00000000d5880000, 0x0000000100000000)
  eden space 1536K, 0% used [0x00000000d5580000,0x00000000d5580000,0x00000000d5700000)
  from space 512K, 37% used [0x00000000d5780000,0x00000000d57b0000,0x00000000d5800000)
  to   space 512K, 0% used [0x00000000d5800000,0x00000000d5800000,0x00000000d5880000)
 ParOldGen       total 375808K, used 310177K [0x0000000080000000, 0x0000000096f00000, 0x00000000d5580000)
  object space 375808K, 82% used [0x0000000080000000,0x0000000092ee86a0,0x0000000096f00000)
 Metaspace       used 82035K, committed 83968K, reserved 1179648K
  class space    used 8543K, committed 9408K, reserved 1048576K
}
Event: 3257.414 GC heap before
{Heap before GC invocations=1042 (full 4):
 PSYoungGen      total 2048K, used 1728K [0x00000000d5580000, 0x00000000d5880000, 0x0000000100000000)
  eden space 1536K, 100% used [0x00000000d5580000,0x00000000d5700000,0x00000000d5700000)
  from space 512K, 37% used [0x00000000d5780000,0x00000000d57b0000,0x00000000d5800000)
  to   space 512K, 0% used [0x00000000d5800000,0x00000000d5800000,0x00000000d5880000)
 ParOldGen       total 375808K, used 314766K [0x0000000080000000, 0x0000000096f00000, 0x00000000d5580000)
  object space 375808K, 83% used [0x0000000080000000,0x00000000933639d8,0x0000000096f00000)
 Metaspace       used 82035K, committed 83968K, reserved 1179648K
  class space    used 8543K, committed 9408K, reserved 1048576K
}
Event: 3257.416 GC heap after
{Heap after GC invocations=1042 (full 4):
 PSYoungGen      total 2048K, used 192K [0x00000000d5580000, 0x00000000d5880000, 0x0000000100000000)
  eden space 1536K, 0% used [0x00000000d5580000,0x00000000d5580000,0x00000000d5700000)
  from space 512K, 37% used [0x00000000d5800000,0x00000000d5830000,0x00000000d5880000)
  to   space 512K, 0% used [0x00000000d5780000,0x00000000d5780000,0x00000000d5800000)
 ParOldGen       total 375808K, used 314830K [0x0000000080000000, 0x0000000096f00000, 0x00000000d5580000)
  object space 375808K, 83% used [0x0000000080000000,0x00000000933739d8,0x0000000096f00000)
 Metaspace       used 82035K, committed 83968K, reserved 1179648K
  class space    used 8543K, committed 9408K, reserved 1048576K
}
Event: 3257.455 GC heap before
{Heap before GC invocations=1043 (full 4):
 PSYoungGen      total 2048K, used 1728K [0x00000000d5580000, 0x00000000d5880000, 0x0000000100000000)
  eden space 1536K, 100% used [0x00000000d5580000,0x00000000d5700000,0x00000000d5700000)
  from space 512K, 37% used [0x00000000d5800000,0x00000000d5830000,0x00000000d5880000)
  to   space 512K, 0% used [0x00000000d5780000,0x00000000d5780000,0x00000000d5800000)
 ParOldGen       total 375808K, used 316360K [0x0000000080000000, 0x0000000096f00000, 0x00000000d5580000)
  object space 375808K, 84% used [0x0000000080000000,0x00000000934f2040,0x0000000096f00000)
 Metaspace       used 82042K, committed 83968K, reserved 1179648K
  class space    used 8543K, committed 9408K, reserved 1048576K
}
Event: 3257.458 GC heap after
{Heap after GC invocations=1043 (full 4):
 PSYoungGen      total 2048K, used 192K [0x00000000d5580000, 0x00000000d5880000, 0x0000000100000000)
  eden space 1536K, 0% used [0x00000000d5580000,0x00000000d5580000,0x00000000d5700000)
  from space 512K, 37% used [0x00000000d5780000,0x00000000d57b0000,0x00000000d5800000)
  to   space 512K, 0% used [0x00000000d5800000,0x00000000d5800000,0x00000000d5880000)
 ParOldGen       total 375808K, used 316392K [0x0000000080000000, 0x0000000096f00000, 0x00000000d5580000)
  object space 375808K, 84% used [0x0000000080000000,0x00000000934fa040,0x0000000096f00000)
 Metaspace       used 82042K, committed 83968K, reserved 1179648K
  class space    used 8543K, committed 9408K, reserved 1048576K
}
Event: 3257.543 GC heap before
{Heap before GC invocations=1044 (full 4):
 PSYoungGen      total 2048K, used 1728K [0x00000000d5580000, 0x00000000d5880000, 0x0000000100000000)
  eden space 1536K, 100% used [0x00000000d5580000,0x00000000d5700000,0x00000000d5700000)
  from space 512K, 37% used [0x00000000d5780000,0x00000000d57b0000,0x00000000d5800000)
  to   space 512K, 0% used [0x00000000d5800000,0x00000000d5800000,0x00000000d5880000)
 ParOldGen       total 375808K, used 317921K [0x0000000080000000, 0x0000000096f00000, 0x00000000d5580000)
  object space 375808K, 84% used [0x0000000080000000,0x00000000936786a8,0x0000000096f00000)
 Metaspace       used 82042K, committed 83968K, reserved 1179648K
  class space    used 8543K, committed 9408K, reserved 1048576K
}
Event: 3257.545 GC heap after
{Heap after GC invocations=1044 (full 4):
 PSYoungGen      total 2048K, used 250K [0x00000000d5580000, 0x00000000d5880000, 0x0000000100000000)
  eden space 1536K, 0% used [0x00000000d5580000,0x00000000d5580000,0x00000000d5700000)
  from space 512K, 48% used [0x00000000d5800000,0x00000000d583e900,0x00000000d5880000)
  to   space 512K, 0% used [0x00000000d5780000,0x00000000d5780000,0x00000000d5800000)
 ParOldGen       total 375808K, used 317969K [0x0000000080000000, 0x0000000096f00000, 0x00000000d5580000)
  object space 375808K, 84% used [0x0000000080000000,0x00000000936846a8,0x0000000096f00000)
 Metaspace       used 82042K, committed 83968K, reserved 1179648K
  class space    used 8543K, committed 9408K, reserved 1048576K
}
Event: 3257.594 GC heap before
{Heap before GC invocations=1045 (full 4):
 PSYoungGen      total 2048K, used 1786K [0x00000000d5580000, 0x00000000d5880000, 0x0000000100000000)
  eden space 1536K, 99% used [0x00000000d5580000,0x00000000d56ffff0,0x00000000d5700000)
  from space 512K, 48% used [0x00000000d5800000,0x00000000d583e900,0x00000000d5880000)
  to   space 512K, 0% used [0x00000000d5780000,0x00000000d5780000,0x00000000d5800000)
 ParOldGen       total 375808K, used 319499K [0x0000000080000000, 0x0000000096f00000, 0x00000000d5580000)
  object space 375808K, 85% used [0x0000000080000000,0x0000000093802d10,0x0000000096f00000)
 Metaspace       used 82047K, committed 83968K, reserved 1179648K
  class space    used 8543K, committed 9408K, reserved 1048576K
}
Event: 3257.598 GC heap after
{Heap after GC invocations=1045 (full 4):
 PSYoungGen      total 2048K, used 507K [0x00000000d5580000, 0x00000000d5900000, 0x0000000100000000)
  eden space 1536K, 0% used [0x00000000d5580000,0x00000000d5580000,0x00000000d5700000)
  from space 512K, 99% used [0x00000000d5780000,0x00000000d57fefd0,0x00000000d5800000)
  to   space 1024K, 0% used [0x00000000d5800000,0x00000000d5800000,0x00000000d5900000)
 ParOldGen       total 375808K, used 319686K [0x0000000080000000, 0x0000000096f00000, 0x00000000d5580000)
  object space 375808K, 85% used [0x0000000080000000,0x00000000938318e8,0x0000000096f00000)
 Metaspace       used 82047K, committed 83968K, reserved 1179648K
  class space    used 8543K, committed 9408K, reserved 1048576K
}
Event: 3257.651 GC heap before
{Heap before GC invocations=1046 (full 4):
 PSYoungGen      total 2048K, used 1973K [0x00000000d5580000, 0x00000000d5900000, 0x0000000100000000)
  eden space 1536K, 95% used [0x00000000d5580000,0x00000000d56ee490,0x00000000d5700000)
  from space 512K, 99% used [0x00000000d5780000,0x00000000d57fefd0,0x00000000d5800000)
  to   space 1024K, 0% used [0x00000000d5800000,0x00000000d5800000,0x00000000d5900000)
 ParOldGen       total 375808K, used 324275K [0x0000000080000000, 0x0000000096f00000, 0x00000000d5580000)
  object space 375808K, 86% used [0x0000000080000000,0x0000000093cacc20,0x0000000096f00000)
 Metaspace       used 82047K, committed 83968K, reserved 1179648K
  class space    used 8543K, committed 9408K, reserved 1048576K
}
Event: 3257.654 GC heap after
{Heap after GC invocations=1046 (full 4):
 PSYoungGen      total 2048K, used 192K [0x00000000d5580000, 0x00000000d5880000, 0x0000000100000000)
  eden space 1536K, 0% used [0x00000000d5580000,0x00000000d5580000,0x00000000d5700000)
  from space 512K, 37% used [0x00000000d5800000,0x00000000d5830000,0x00000000d5880000)
  to   space 512K, 0% used [0x00000000d5780000,0x00000000d5780000,0x00000000d5800000)
 ParOldGen       total 375808K, used 324391K [0x0000000080000000, 0x0000000096f00000, 0x00000000d5580000)
  object space 375808K, 86% used [0x0000000080000000,0x0000000093cc9c30,0x0000000096f00000)
 Metaspace       used 82047K, committed 83968K, reserved 1179648K
  class space    used 8543K, committed 9408K, reserved 1048576K
}
Event: 3257.700 GC heap before
{Heap before GC invocations=1047 (full 4):
 PSYoungGen      total 2048K, used 1688K [0x00000000d5580000, 0x00000000d5880000, 0x0000000100000000)
  eden space 1536K, 97% used [0x00000000d5580000,0x00000000d56f6318,0x00000000d5700000)
  from space 512K, 37% used [0x00000000d5800000,0x00000000d5830000,0x00000000d5880000)
  to   space 512K, 0% used [0x00000000d5780000,0x00000000d5780000,0x00000000d5800000)
 ParOldGen       total 375808K, used 327450K [0x0000000080000000, 0x0000000096f00000, 0x00000000d5580000)
  object space 375808K, 87% used [0x0000000080000000,0x0000000093fc6900,0x0000000096f00000)
 Metaspace       used 82047K, committed 83968K, reserved 1179648K
  class space    used 8543K, committed 9408K, reserved 1048576K
}
Event: 3257.702 GC heap after
{Heap after GC invocations=1047 (full 4):
 PSYoungGen      total 2048K, used 448K [0x00000000d5580000, 0x00000000d5880000, 0x0000000100000000)
  eden space 1536K, 0% used [0x00000000d5580000,0x00000000d5580000,0x00000000d5700000)
  from space 512K, 87% used [0x00000000d5780000,0x00000000d57f01b0,0x00000000d5800000)
  to   space 512K, 0% used [0x00000000d5800000,0x00000000d5800000,0x00000000d5880000)
 ParOldGen       total 375808K, used 327514K [0x0000000080000000, 0x0000000096f00000, 0x00000000d5580000)
  object space 375808K, 87% used [0x0000000080000000,0x0000000093fd6900,0x0000000096f00000)
 Metaspace       used 82047K, committed 83968K, reserved 1179648K
  class space    used 8543K, committed 9408K, reserved 1048576K
}
Event: 3257.755 GC heap before
{Heap before GC invocations=1048 (full 4):
 PSYoungGen      total 2048K, used 1984K [0x00000000d5580000, 0x00000000d5880000, 0x0000000100000000)
  eden space 1536K, 100% used [0x00000000d5580000,0x00000000d5700000,0x00000000d5700000)
  from space 512K, 87% used [0x00000000d5780000,0x00000000d57f01b0,0x00000000d5800000)
  to   space 512K, 0% used [0x00000000d5800000,0x00000000d5800000,0x00000000d5880000)
 ParOldGen       total 375808K, used 327514K [0x0000000080000000, 0x0000000096f00000, 0x00000000d5580000)
  object space 375808K, 87% used [0x0000000080000000,0x0000000093fd6900,0x0000000096f00000)
 Metaspace       used 82047K, committed 83968K, reserved 1179648K
  class space    used 8543K, committed 9408K, reserved 1048576K
}
Event: 3257.760 GC heap after
{Heap after GC invocations=1048 (full 4):
 PSYoungGen      total 2048K, used 500K [0x00000000d5580000, 0x00000000d5900000, 0x0000000100000000)
  eden space 1536K, 0% used [0x00000000d5580000,0x00000000d5580000,0x00000000d5700000)
  from space 512K, 97% used [0x00000000d5800000,0x00000000d587d200,0x00000000d5880000)
  to   space 1024K, 0% used [0x00000000d5700000,0x00000000d5700000,0x00000000d5800000)
 ParOldGen       total 375808K, used 327594K [0x0000000080000000, 0x0000000096f00000, 0x00000000d5580000)
  object space 375808K, 87% used [0x0000000080000000,0x0000000093fea900,0x0000000096f00000)
 Metaspace       used 82047K, committed 83968K, reserved 1179648K
  class space    used 8543K, committed 9408K, reserved 1048576K
}
Event: 3270.541 GC heap before
{Heap before GC invocations=1049 (full 4):
 PSYoungGen      total 2048K, used 2036K [0x00000000d5580000, 0x00000000d5900000, 0x0000000100000000)
  eden space 1536K, 100% used [0x00000000d5580000,0x00000000d5700000,0x00000000d5700000)
  from space 512K, 97% used [0x00000000d5800000,0x00000000d587d200,0x00000000d5880000)
  to   space 1024K, 0% used [0x00000000d5700000,0x00000000d5700000,0x00000000d5800000)
 ParOldGen       total 375808K, used 327594K [0x0000000080000000, 0x0000000096f00000, 0x00000000d5580000)
  object space 375808K, 87% used [0x0000000080000000,0x0000000093fea900,0x0000000096f00000)
 Metaspace       used 82049K, committed 83968K, reserved 1179648K
  class space    used 8543K, committed 9408K, reserved 1048576K
}
Event: 3270.545 GC heap after
{Heap after GC invocations=1049 (full 4):
 PSYoungGen      total 2560K, used 192K [0x00000000d5580000, 0x00000000d5880000, 0x0000000100000000)
  eden space 1536K, 0% used [0x00000000d5580000,0x00000000d5580000,0x00000000d5700000)
  from space 1024K, 18% used [0x00000000d5700000,0x00000000d5730000,0x00000000d5800000)
  to   space 512K, 0% used [0x00000000d5800000,0x00000000d5800000,0x00000000d5880000)
 ParOldGen       total 375808K, used 328048K [0x0000000080000000, 0x0000000096f00000, 0x00000000d5580000)
  object space 375808K, 87% used [0x0000000080000000,0x000000009405c370,0x0000000096f00000)
 Metaspace       used 82049K, committed 83968K, reserved 1179648K
  class space    used 8543K, committed 9408K, reserved 1048576K
}
Event: 3270.595 GC heap before
{Heap before GC invocations=1050 (full 4):
 PSYoungGen      total 2560K, used 1728K [0x00000000d5580000, 0x00000000d5880000, 0x0000000100000000)
  eden space 1536K, 100% used [0x00000000d5580000,0x00000000d5700000,0x00000000d5700000)
  from space 1024K, 18% used [0x00000000d5700000,0x00000000d5730000,0x00000000d5800000)
  to   space 512K, 0% used [0x00000000d5800000,0x00000000d5800000,0x00000000d5880000)
 ParOldGen       total 375808K, used 328048K [0x0000000080000000, 0x0000000096f00000, 0x00000000d5580000)
  object space 375808K, 87% used [0x0000000080000000,0x000000009405c370,0x0000000096f00000)
 Metaspace       used 82120K, committed 83968K, reserved 1179648K
  class space    used 8552K, committed 9408K, reserved 1048576K
}
Event: 3270.597 GC heap after
{Heap after GC invocations=1050 (full 4):
 PSYoungGen      total 2048K, used 256K [0x00000000d5580000, 0x00000000d5880000, 0x0000000100000000)
  eden space 1536K, 0% used [0x00000000d5580000,0x00000000d5580000,0x00000000d5700000)
  from space 512K, 50% used [0x00000000d5800000,0x00000000d5840000,0x00000000d5880000)
  to   space 512K, 0% used [0x00000000d5780000,0x00000000d5780000,0x00000000d5800000)
 ParOldGen       total 375808K, used 328112K [0x0000000080000000, 0x0000000096f00000, 0x00000000d5580000)
  object space 375808K, 87% used [0x0000000080000000,0x000000009406c370,0x0000000096f00000)
 Metaspace       used 82120K, committed 83968K, reserved 1179648K
  class space    used 8552K, committed 9408K, reserved 1048576K
}

